<?xml version="1.0" encoding="UTF-8"?>
<!-- Generated by org.testng.reporters.JUnitReportReporter -->
<testsuite skipped="0" hostname="DESKTOP-5DMT9P1" name="com.modules.login.LoginTest" tests="1" failures="0" timestamp="2022-05-09T15:22:55 IST" time="57.173" errors="0">
  <testcase name="testLogin" time="57.173" classname="com.modules.login.LoginTest"/>
  <system-out/>
</testsuite> <!-- com.modules.login.LoginTest -->
